0 info it worked if it ends with ok
1 verbose cli [ '/usr/local/Cellar/node/5.0.0/bin/node',
1 verbose cli   '/Users/maurizio/.npm-packages/bin/npm',
1 verbose cli   'version',
1 verbose cli   'patch' ]
2 info using npm@3.8.8
3 info using node@v5.0.0
4 info git [ 'status', '--porcelain' ]
5 verbose stack Error: Git working directory not clean.
5 verbose stack M package.json
5 verbose stack D www/icon.png
5 verbose stack M www/index.html
5 verbose stack M www/src/App.vue
5 verbose stack M www/src/components/Hello.vue
5 verbose stack M www/test/unit/Hello.spec.js
5 verbose stack     at /Users/maurizio/.npm-packages/lib/node_modules/npm/lib/version.js:246:19
5 verbose stack     at ChildProcess.exithandler (child_process.js:194:7)
5 verbose stack     at emitTwo (events.js:87:13)
5 verbose stack     at ChildProcess.emit (events.js:172:7)
5 verbose stack     at maybeClose (internal/child_process.js:818:16)
5 verbose stack     at Socket.<anonymous> (internal/child_process.js:319:11)
5 verbose stack     at emitOne (events.js:77:13)
5 verbose stack     at Socket.emit (events.js:169:7)
5 verbose stack     at Pipe._onclose (net.js:469:12)
6 verbose cwd /Users/maurizio/Code/PhoneGap/MyApp
7 error Darwin 15.4.0
8 error argv "/usr/local/Cellar/node/5.0.0/bin/node" "/Users/maurizio/.npm-packages/bin/npm" "version" "patch"
9 error node v5.0.0
10 error npm  v3.8.8
11 error Git working directory not clean.
11 error M package.json
11 error D www/icon.png
11 error M www/index.html
11 error M www/src/App.vue
11 error M www/src/components/Hello.vue
11 error M www/test/unit/Hello.spec.js
12 error If you need help, you may report this error at:
12 error     <https://github.com/npm/npm/issues>
13 verbose exit [ 1, true ]
